Determining if the pthread_create exist failed with the following output:
Change Dir: /home/cirlab/pioneer/build/CMakeFiles/CMakeTmp

Run Build Command:"/usr/bin/make" "cmTC_f588d/fast"
/usr/bin/make -f CMakeFiles/cmTC_f588d.dir/build.make CMakeFiles/cmTC_f588d.dir/build
make[1]: Entering directory '/home/cirlab/pioneer/build/CMakeFiles/CMakeTmp'
Building C object CMakeFiles/cmTC_f588d.dir/CheckSymbolExists.c.o
/usr/bin/cc     -o CMakeFiles/cmTC_f588d.dir/CheckSymbolExists.c.o   -c /home/cirlab/pioneer/build/CMakeFiles/CMakeTmp/CheckSymbolExists.c
Linking C executable cmTC_f588d
/usr/bin/cmake -E cmake_link_script CMakeFiles/cmTC_f588d.dir/link.txt --verbose=1
/usr/bin/cc       CMakeFiles/cmTC_f588d.dir/CheckSymbolExists.c.o  -o cmTC_f588d -rdynamic 
CMakeFiles/cmTC_f588d.dir/CheckSymbolExists.c.o: In function `main':
CheckSymbolExists.c:(.text+0x16): undefined reference to `pthread_create'
collect2: error: ld returned 1 exit status
CMakeFiles/cmTC_f588d.dir/build.make:97: recipe for target 'cmTC_f588d' failed
make[1]: *** [cmTC_f588d] Error 1
make[1]: Leaving directory '/home/cirlab/pioneer/build/CMakeFiles/CMakeTmp'
Makefile:126: recipe for target 'cmTC_f588d/fast' failed
make: *** [cmTC_f588d/fast] Error 2

File /home/cirlab/pioneer/build/CMakeFiles/CMakeTmp/CheckSymbolExists.c:
/* */
#include <pthread.h>

int main(int argc, char** argv)
{
  (void)argv;
#ifndef pthread_create
  return ((int*)(&pthread_create))[argc];
#else
  (void)argc;
  return 0;
#endif
}

Determining if the function pthread_create exists in the pthreads failed with the following output:
Change Dir: /home/cirlab/pioneer/build/CMakeFiles/CMakeTmp

Run Build Command:"/usr/bin/make" "cmTC_68efc/fast"
/usr/bin/make -f CMakeFiles/cmTC_68efc.dir/build.make CMakeFiles/cmTC_68efc.dir/build
make[1]: Entering directory '/home/cirlab/pioneer/build/CMakeFiles/CMakeTmp'
Building C object CMakeFiles/cmTC_68efc.dir/CheckFunctionExists.c.o
/usr/bin/cc    -DCHECK_FUNCTION_EXISTS=pthread_create   -o CMakeFiles/cmTC_68efc.dir/CheckFunctionExists.c.o   -c /usr/share/cmake-3.5/Modules/CheckFunctionExists.c
Linking C executable cmTC_68efc
/usr/bin/cmake -E cmake_link_script CMakeFiles/cmTC_68efc.dir/link.txt --verbose=1
/usr/bin/cc   -DCHECK_FUNCTION_EXISTS=pthread_create    CMakeFiles/cmTC_68efc.dir/CheckFunctionExists.c.o  -o cmTC_68efc -rdynamic -lpthreads 
/usr/bin/ld: cannot find -lpthreads
collect2: error: ld returned 1 exit status
CMakeFiles/cmTC_68efc.dir/build.make:97: recipe for target 'cmTC_68efc' failed
make[1]: *** [cmTC_68efc] Error 1
make[1]: Leaving directory '/home/cirlab/pioneer/build/CMakeFiles/CMakeTmp'
Makefile:126: recipe for target 'cmTC_68efc/fast' failed
make: *** [cmTC_68efc/fast] Error 2


